[whal.droitlab.com/html/index.html]
[backblue.gif]
[fade.gif]
[index.html]
[whal.droitlab.com/html/assets/img/icon/favicon.png]
[whal.droitlab.com/html/assets/css/plugins/font-awesome/css/all.min.css]
[whal.droitlab.com/html/assets/css/plugins/bootstrap/bootstrap.min.css]
[whal.droitlab.com/html/assets/css/plugins/magnific-popup.css]
[whal.droitlab.com/html/assets/css/plugins/animate.css]
[whal.droitlab.com/html/assets/css/plugins/slick-slider/slick.css]
[whal.droitlab.com/html/assets/css/style.css]
[whal.droitlab.com/html/assets/css/responsive.css]
[whal.droitlab.com/html/assets/img/logo.png]
[whal.droitlab.com/html/assets/img/logo_3.png]
[whal.droitlab.com/html/index-2.html]
[whal.droitlab.com/html/index-3.html]
[whal.droitlab.com/html/index-4.html]
[whal.droitlab.com/html/index-5.html]
[whal.droitlab.com/html/about.html]
[whal.droitlab.com/html/service.html]
[whal.droitlab.com/html/social-media-marketing.html]
[whal.droitlab.com/html/email-marketing.html]
[whal.droitlab.com/html/google-and-facebook-ads.html]
[whal.droitlab.com/html/youtube-marketing.html]
[whal.droitlab.com/html/lead-generation.html]
[whal.droitlab.com/html/pricing.html]
[whal.droitlab.com/html/process.html]
[whal.droitlab.com/html/testimonial.html]
[whal.droitlab.com/html/team.html]
[whal.droitlab.com/html/team-single.html]
[whal.droitlab.com/html/faq.html]
[whal.droitlab.com/html/blog.html]
[whal.droitlab.com/html/blog-single.html]
[whal.droitlab.com/html/contact.html]
[whal.droitlab.com/html/assets/img/hero.png]
[whal.droitlab.com/html/assets/img/icon/work/work.svg]
[whal.droitlab.com/html/assets/img/icon/work/work_2.svg]
[whal.droitlab.com/html/assets/img/icon/work/work_3.svg]
[whal.droitlab.com/html/assets/img/icon/work/work_4.svg]
[whal.droitlab.com/html/assets/img/seo.png]
[whal.droitlab.com/html/assets/img/client/logo.png]
[whal.droitlab.com/html/assets/img/client/logo_2.png]
[whal.droitlab.com/html/assets/img/client/logo_3.png]
[whal.droitlab.com/html/assets/img/client/logo_4.png]
[whal.droitlab.com/html/assets/img/client/logo_5.png]
[whal.droitlab.com/html/assets/img/icon/service/service_5.svg]
[whal.droitlab.com/html/assets/img/icon/service/service.svg]
[whal.droitlab.com/html/assets/img/icon/service/service_2.svg]
[whal.droitlab.com/html/assets/img/icon/service/service_4.svg]
[whal.droitlab.com/html/assets/img/icon/service/service_3.svg]
[whal.droitlab.com/html/assets/img/service/tab.png]
[whal.droitlab.com/html/assets/img/service/tab_2.png]
[whal.droitlab.com/html/assets/img/service/tab_3.png]
[whal.droitlab.com/html/assets/img/service/tab_4.png]
[whal.droitlab.com/html/assets/img/service/tab_5.png]
[whal.droitlab.com/html/assets/img/case_studies/case_studies.png]
[whal.droitlab.com/html/assets/img/case_studies/case_studies_2.png]
[whal.droitlab.com/html/assets/img/case_studies/case_studies_3.png]
[whal.droitlab.com/html/assets/img/icon/testimonial_people_3.webp]
[whal.droitlab.com/html/assets/img/icon/testimonial_people_2.webp]
[whal.droitlab.com/html/assets/img/price/price.png]
[whal.droitlab.com/html/assets/img/price/price_3.png]
[whal.droitlab.com/html/assets/img/blog/blog.png]
[whal.droitlab.com/html/assets/img/blog/blog_2.png]
[whal.droitlab.com/html/assets/img/blog/blog_3.png]
[whal.droitlab.com/html/assets/img/footer/logo.png]
[whal.droitlab.com/html/assets/img/footer/shape.png]
[whal.droitlab.com/html/assets/img/footer/shapea_2.png]
[whal.droitlab.com/html/assets/js/jquery.min.js]
[whal.droitlab.com/html/assets/js/popper.min.js]
[whal.droitlab.com/html/assets/js/bootstrap.min.js]
[whal.droitlab.com/html/assets/js/waypoints.min.js]
[whal.droitlab.com/html/assets/js/jquery.counterup.js]
[whal.droitlab.com/html/assets/js/magnific-popup.min.js]
[whal.droitlab.com/html/assets/js/easypiechart.js]
[whal.droitlab.com/html/assets/js/wow.min.js]
[whal.droitlab.com/html/assets/js/parallax.min.js]
[whal.droitlab.com/html/assets/js/slick.min.js]
[whal.droitlab.com/html/assets/js/main.js]
[whal.droitlab.com/html/index.html]
[whal.droitlab.com/html/assets/css/plugins/font-awesome/webfonts/fa-brands-400.woff2]
[whal.droitlab.com/html/assets/css/plugins/font-awesome/webfonts/fa-brands-400.ttf]
[whal.droitlab.com/html/assets/css/plugins/font-awesome/webfonts/fa-regular-400.woff2]
[whal.droitlab.com/html/assets/css/plugins/font-awesome/webfonts/fa-regular-400.ttf]
[whal.droitlab.com/html/assets/css/plugins/font-awesome/webfonts/fa-solid-900.woff2]
[whal.droitlab.com/html/assets/css/plugins/font-awesome/webfonts/fa-solid-900.ttf]
[whal.droitlab.com/html/assets/css/plugins/font-awesome/webfonts/fa-v4compatibility.woff2]
[whal.droitlab.com/html/assets/css/plugins/font-awesome/webfonts/fa-v4compatibility.ttf]
[whal.droitlab.com/html/assets/css/plugins/font-awesome/css/all.min.css]
[whal.droitlab.com/html/assets/css/plugins/bootstrap/bootstrap.min.css]
[whal.droitlab.com/html/assets/css/plugins/magnific-popup.css]
[whal.droitlab.com/html/assets/css/plugins/animate.css]
[whal.droitlab.com/html/assets/css/plugins/slick-slider/slick.css]
[whal.droitlab.com/html/assets/img/hero_bg.png]
[whal.droitlab.com/html/assets/img/hero_bg_2.png]
[whal.droitlab.com/html/assets/img/hero_bg_3.png]
[whal.droitlab.com/html/assets/img/hero_bg_3_obarlay.png]
[whal.droitlab.com/html/assets/img/hero_bg_4_2.png]
[whal.droitlab.com/html/assets/img/line.png]
[whal.droitlab.com/html/assets/img/seo_bg.png]
[whal.droitlab.com/html/assets/img/email_marketing_bg.png]
[whal.droitlab.com/html/assets/img/service_bg.png]
[whal.droitlab.com/html/assets/img/case_studies_bg.png]
[whal.droitlab.com/html/assets/img/case_studies/case_studies_10.png]
[whal.droitlab.com/html/assets/img/case_studies/case_studies_11.png]
[whal.droitlab.com/html/assets/img/case_studies/case_studies_12.png]
[whal.droitlab.com/html/assets/img/case_studies/case_studies_13.png]
[whal.droitlab.com/html/assets/img/contact_us_bg.png]
[whal.droitlab.com/html/assets/img/testimonial_bg.png]
[whal.droitlab.com/html/assets/img/icon/testimonial_icon.png]
[whal.droitlab.com/html/assets/img/footer/bg_ovarlay.png]
[whal.droitlab.com/html/assets/img/subscribe_bg.png]
[whal.droitlab.com/html/assets/img/subscribe_bg_2.png]
[whal.droitlab.com/html/assets/img/shape/info_box_bg.png]
[whal.droitlab.com/html/assets/img/info_sec_bg.png]
[whal.droitlab.com/html/assets/img/video_bg.png]
[whal.droitlab.com/html/assets/img/video.png]
[whal.droitlab.com/html/assets/img/breadcrumbs_bg.png]
[whal.droitlab.com/html/assets/img/process_bg.png]
[whal.droitlab.com/html/assets/css/style.css]
[whal.droitlab.com/html/assets/css/responsive.css]
[whal.droitlab.com/html/index-2.html]
[whal.droitlab.com/html/assets/img/hero_2.png]
[whal.droitlab.com/html/assets/img/shape/client.png]
[whal.droitlab.com/html/assets/img/seo_2.png]
[whal.droitlab.com/html/assets/img/shape/service_2.png]
[whal.droitlab.com/html/assets/img/shape/service.png]
[whal.droitlab.com/html/assets/img/seo_3.png]
[whal.droitlab.com/html/assets/img/shape/seo.png]
[whal.droitlab.com/html/assets/img/team/team.png]
[whal.droitlab.com/html/assets/img/team/team_2.png]
[whal.droitlab.com/html/assets/img/team/team_3.png]
[whal.droitlab.com/html/assets/img/team/team_4.png]
[whal.droitlab.com/html/assets/img/case_studies/case_studies_4.png]
[whal.droitlab.com/html/assets/img/case_studies/case_studies_5.png]
[whal.droitlab.com/html/assets/img/case_studies/case_studies_6.png]
[whal.droitlab.com/html/assets/img/shape/case.png]
[whal.droitlab.com/html/assets/img/shape/case_2.png]
[whal.droitlab.com/html/assets/img/blog/blog_4.png]
[whal.droitlab.com/html/assets/img/blog/blog_5.png]
[whal.droitlab.com/html/assets/img/blog/blog_6.png]
[whal.droitlab.com/html/index-3.html]
[whal.droitlab.com/cdn-cgi/scripts/5c5dd728/cloudflare-static/email-decode.min.js]
[whal.droitlab.com/html/assets/img/hero_3.png]
[whal.droitlab.com/html/assets/img/shape/hero.png]
[whal.droitlab.com/html/assets/img/shape/hero_2.png]
[whal.droitlab.com/html/assets/img/shape/hero_3.png]
[whal.droitlab.com/html/assets/img/icon/icon_box_1.svg]
[whal.droitlab.com/html/assets/img/icon/icon_box_2.svg]
[whal.droitlab.com/html/assets/img/icon/icon_box_3.svg]
[whal.droitlab.com/assets/img/shape/info_box.png]
[whal.droitlab.com/assets/img/shape/info_box_2.png]
[whal.droitlab.com/html/assets/img/seo_4.png]
[whal.droitlab.com/html/assets/img/icon/info_box/Icon.svg]
[whal.droitlab.com/html/assets/img/icon/info_box/Icon_2.svg]
[whal.droitlab.com/html/assets/img/icon/info_box/Icon_3.svg]
[whal.droitlab.com/html/assets/img/icon/info_box/Icon_4.svg]
[whal.droitlab.com/html/assets/img/icon/info_box/Icon_5.svg]
[whal.droitlab.com/html/assets/img/icon/info_box/Icon_6.svg]
[whal.droitlab.com/html/assets/img/seo_5.png]
[whal.droitlab.com/html/assets/img/shape/seo_mini.png]
[whal.droitlab.com/html/assets/img/shape/seo_mini_2.png]
[whal.droitlab.com/html/assets/img/shape/seo_mini_3.png]
[whal.droitlab.com/html/assets/img/shape/seo_mini_4.png]
[whal.droitlab.com/html/assets/img/shape/seo_style_2.png]
[whal.droitlab.com/html/assets/img/shape/seo_style_2_2.png]
[whal.droitlab.com/html/assets/img/shape/seo_style_2_3.png]
[whal.droitlab.com/html/assets/img/case_studies/case_studies_7.png]
[whal.droitlab.com/html/assets/img/case_studies/case_studies_8.png]
[whal.droitlab.com/html/assets/img/case_studies/case_studies_9.png]
[whal.droitlab.com/html/assets/img/shape/case_studies.png]
[whal.droitlab.com/html/assets/img/price/price_4.png]
[whal.droitlab.com/html/assets/img/price/price_5.png]
[whal.droitlab.com/html/assets/img/price/price_6.png]
[whal.droitlab.com/html/assets/img/testimonial_grid.png]
[whal.droitlab.com/html/assets/img/icon/testimonial_icon_2.png]
[whal.droitlab.com/html/assets/img/blog/blog_7.png]
[whal.droitlab.com/html/assets/img/blog/blog_8.png]
[whal.droitlab.com/html/assets/img/blog/blog_9.png]
[whal.droitlab.com/html/index-4.html]
[whal.droitlab.com/html/assets/css/plugins/progress.css]
[whal.droitlab.com/html/assets/img/logo_2.png]
[whal.droitlab.com/html/assets/img/hero_4.png]
[whal.droitlab.com/html/assets/img/icon/info_box/icon_home_4.png]
[whal.droitlab.com/html/assets/img/icon/info_box/icon_home_4_2.png]
[whal.droitlab.com/html/assets/img/icon/info_box/icon_home_4_3.png]
[whal.droitlab.com/html/assets/img/shape/seo_mini_5.png]
[whal.droitlab.com/html/assets/img/shape/seo_mini_6.png]
[whal.droitlab.com/html/assets/img/shape/seo_mini_7.png]
[whal.droitlab.com/html/assets/img/shape/seo_mini_8.png]
[whal.droitlab.com/html/assets/img/icon/info_box/icon_10.svg]
[whal.droitlab.com/html/assets/img/icon/info_box/icon_9.svg]
[whal.droitlab.com/html/assets/img/info_sec.png]
[whal.droitlab.com/html/assets/img/icon/info_box/icon_8.svg]
[whal.droitlab.com/html/assets/img/icon/info_box/icon_7.svg]
[whal.droitlab.com/html/index-5.html]
[whal.droitlab.com/assets/img/shape/info_box_3.png]
[whal.droitlab.com/html/assets/img/team/team_5.png]
[whal.droitlab.com/html/assets/img/team/team_6.png]
[whal.droitlab.com/html/assets/img/team/team_7.png]
[whal.droitlab.com/html/assets/img/shape/team.png]
[whal.droitlab.com/html/about.html]
[whal.droitlab.com/html/assets/img/icon/info_box/icon_11.svg]
[whal.droitlab.com/html/assets/img/icon/info_box/icon_12.svg]
[whal.droitlab.com/html/assets/img/icon/info_box/icon_13.svg]
[whal.droitlab.com/html/assets/img/icon/info_box/icon_14.svg]
[whal.droitlab.com/html/assets/img/icon/info_box/icon_15.svg]
[whal.droitlab.com/html/assets/img/icon/info_box/icon_16.svg]
[whal.droitlab.com/html/service.html]
[cdn.jsdelivr.net/npm/bootstrap@4.0.0/dist/js/bootstrap.min.js]
[whal.droitlab.com/html/assets/img/seo_7.png]
[whal.droitlab.com/html/assets/img/info_sec_img.png]
[whal.droitlab.com/html/assets/img/seo_8.png]
[whal.droitlab.com/html/social-media-marketing.html]
[whal.droitlab.com/html/assets/img/seo_9.png]
[whal.droitlab.com/html/assets/img/icon/info_box/icon_17.png]
[whal.droitlab.com/html/assets/img/icon/info_box/icon_18.png]
[whal.droitlab.com/html/assets/img/icon/info_box/icon_19.png]
[whal.droitlab.com/html/assets/img/seo_10.png]
[whal.droitlab.com/html/email-marketing.html]
[whal.droitlab.com/html/assets/img/g_f_ads.png]
[whal.droitlab.com/html/assets/img/icon/info_box/icon_20.svg]
[whal.droitlab.com/html/assets/img/icon/info_box/icon_21.svg]
[whal.droitlab.com/html/assets/img/icon/info_box/icon_22.svg]
[whal.droitlab.com/html/assets/img/icon/info_box/icon_23.svg]
[whal.droitlab.com/html/assets/img/seo_11.png]
[whal.droitlab.com/html/assets/img/seo_12.png]
[whal.droitlab.com/html/google-and-facebook-ads.html]
[whal.droitlab.com/html/assets/img/info_sec_2.png]
[whal.droitlab.com/html/youtube-marketing.html]
[whal.droitlab.com/html/assets/img/seo_13.png]
[whal.droitlab.com/html/assets/img/seo_14.png]
[whal.droitlab.com/html/assets/img/icon/seo.png]
[whal.droitlab.com/html/assets/img/icon/seo_2.png]
[whal.droitlab.com/html/assets/img/icon/info_box/icon_24.png]
[whal.droitlab.com/html/assets/img/icon/info_box/icon_25.png]
[whal.droitlab.com/html/assets/img/icon/info_box/icon_26.png]
[whal.droitlab.com/html/assets/img/icon/info_box/icon_27.png]
[whal.droitlab.com/html/assets/img/icon/info_box/icon_28.png]
[whal.droitlab.com/html/assets/img/icon/info_box/icon_29.png]
[whal.droitlab.com/html/lead-generation.html]
[whal.droitlab.com/html/pricing.html]
[whal.droitlab.com/html/assets/img/icon/process.svg]
[whal.droitlab.com/html/assets/img/icon/process_2.svg]
[whal.droitlab.com/html/assets/img/icon/process_3.svg]
[whal.droitlab.com/html/assets/img/icon/process_4.svg]
[whal.droitlab.com/html/process.html]
[whal.droitlab.com/html/testimonial.html]
[whal.droitlab.com/html/team.html]
[whal.droitlab.com/html/team-single.html]
[whal.droitlab.com/html/assets/img/faq.png]
[whal.droitlab.com/html/faq.html]
[whal.droitlab.com/html/assets/img/blog/blog_two/blog-2.webp]
[whal.droitlab.com/html/assets/img/blog/blog_two/img2.webp]
[whal.droitlab.com/html/assets/img/blog/blog_two/img5.webp]
[whal.droitlab.com/html/assets/img/blog/blog_two/recent_post1.webp]
[whal.droitlab.com/html/assets/img/blog/blog_two/recent_post2.webp]
[whal.droitlab.com/html/assets/img/blog/blog_two/recent_post3.webp]
[whal.droitlab.com/html/blog.html]
[whal.droitlab.com/html/assets/img/blog/blog_10.png]
[whal.droitlab.com/html/assets/img/blog/blog_two/comments-1.jpg]
[whal.droitlab.com/html/assets/img/blog/blog_two/comments-2.jpg]
[whal.droitlab.com/html/assets/img/blog/blog_two/comments-3.jpg]
[whal.droitlab.com/html/blog-single.html]
[whal.droitlab.com/html/assets/css/plugins/nice-select.min.css]
[whal.droitlab.com/html/assets/img/icon/contact/contact.svg]
[whal.droitlab.com/html/assets/img/icon/contact/contact_2.svg]
[whal.droitlab.com/html/assets/img/icon/contact/contact_3.svg]
[whal.droitlab.com/html/assets/js/nice-select.min.js]
[whal.droitlab.com/html/contact.html]
[whal.droitlab.com/html/assets/img/icon/work/work.svg]
[whal.droitlab.com/html/assets/img/icon/work/work_2.svg]
[whal.droitlab.com/html/assets/img/icon/work/work_3.svg]
[whal.droitlab.com/html/assets/img/icon/work/work_4.svg]
[whal.droitlab.com/html/assets/img/icon/service/service_5.svg]
[whal.droitlab.com/html/assets/img/icon/service/service.svg]
[whal.droitlab.com/html/assets/img/icon/service/service_2.svg]
[whal.droitlab.com/html/assets/img/icon/service/service_4.svg]
[whal.droitlab.com/html/assets/img/icon/service/service_3.svg]
[whal.droitlab.com/html/assets/img/icon/icon_box_1.svg]
[whal.droitlab.com/html/assets/img/icon/icon_box_2.svg]
[whal.droitlab.com/html/assets/img/icon/icon_box_3.svg]
[whal.droitlab.com/assets/img/shape/info_box.html]
[whal.droitlab.com/assets/img/shape/info_box_2.html]
[whal.droitlab.com/html/assets/img/icon/info_box/Icon.svg]
[whal.droitlab.com/html/assets/img/icon/info_box/Icon_2.svg]
[whal.droitlab.com/html/assets/img/icon/info_box/Icon_3.svg]
[whal.droitlab.com/html/assets/img/icon/info_box/Icon_4.svg]
[whal.droitlab.com/html/assets/img/icon/info_box/Icon_5.svg]
[whal.droitlab.com/html/assets/img/icon/info_box/Icon_6.svg]
[whal.droitlab.com/html/assets/css/plugins/progress.css]
[whal.droitlab.com/html/assets/img/icon/info_box/icon_10.svg]
[whal.droitlab.com/html/assets/img/icon/info_box/icon_9.svg]
[whal.droitlab.com/html/assets/img/icon/info_box/icon_8.svg]
[whal.droitlab.com/html/assets/img/icon/info_box/icon_7.svg]
[whal.droitlab.com/assets/img/shape/info_box_3.html]
[whal.droitlab.com/html/assets/img/icon/info_box/icon_11.svg]
[whal.droitlab.com/html/assets/img/icon/info_box/icon_12.svg]
[whal.droitlab.com/html/assets/img/icon/info_box/icon_13.svg]
[whal.droitlab.com/html/assets/img/icon/info_box/icon_14.svg]
[whal.droitlab.com/html/assets/img/icon/info_box/icon_15.svg]
[whal.droitlab.com/html/assets/img/icon/info_box/icon_16.svg]
[whal.droitlab.com/html/assets/img/icon/info_box/icon_20.svg]
[whal.droitlab.com/html/assets/img/icon/info_box/icon_21.svg]
[whal.droitlab.com/html/assets/img/icon/info_box/icon_22.svg]
[whal.droitlab.com/html/assets/img/icon/info_box/icon_23.svg]
[whal.droitlab.com/html/assets/img/icon/process.svg]
[whal.droitlab.com/html/assets/img/icon/process_2.svg]
[whal.droitlab.com/html/assets/img/icon/process_3.svg]
[whal.droitlab.com/html/assets/img/icon/process_4.svg]
[whal.droitlab.com/html/assets/css/plugins/nice-select.min.css]
[whal.droitlab.com/html/assets/img/icon/contact/contact.svg]
[whal.droitlab.com/html/assets/img/icon/contact/contact_2.svg]
[whal.droitlab.com/html/assets/img/icon/contact/contact_3.svg]
